2018-07-25 17:29:09.867 ERROR 8932 --- [main] o.s.b.l.LoggingApplicationListener       : Cannot set level: e for 'null'
2018-07-25 17:29:09.916  INFO 8932 --- [main] com.example.main.Demo2Application        : Starting Demo2Application on NIT-WKS-0116 with PID 8932 (C:\Users\monika.kolhe\Desktop\STSDemo\demo-2\target\classes started by monika.kolhe in C:\Users\monika.kolhe\Desktop\STSDemo\demo-2)
2018-07-25 17:29:09.916  INFO 8932 --- [main] com.example.main.Demo2Application        : No active profile set, falling back to default profiles: default
2018-07-25 17:29:09.960  INFO 8932 --- [main] ationConfigEmbeddedWebApplicationContext : Refreshing org.springframework.boot.context.embedded.AnnotationConfigEmbeddedWebApplicationContext@64c87930: startup date [Wed Jul 25 17:29:09 IST 2018]; root of context hierarchy
2018-07-25 17:29:10.331 DEBUG 8932 --- [main] o.s.d.r.c.RepositoryComponentProvider    : Identified candidate component class: file [C:\Users\monika.kolhe\Desktop\STSDemo\demo-2\target\classes\com\example\repository\ProfileDetailsRepository.class]
2018-07-25 17:29:10.332 DEBUG 8932 --- [main] o.s.d.r.c.RepositoryComponentProvider    : Identified candidate component class: file [C:\Users\monika.kolhe\Desktop\STSDemo\demo-2\target\classes\com\example\repository\UserRepository.class]
2018-07-25 17:29:10.340 DEBUG 8932 --- [main] .s.d.r.c.RepositoryBeanDefinitionBuilder : Registering custom repository implementation: userRepositoryImpl com.example.repository.user.impl.UserRepositoryImpl
2018-07-25 17:29:10.342 DEBUG 8932 --- [main] .s.d.r.c.RepositoryConfigurationDelegate : Spring Data MongoDB - Registering repository: userRepository - Interface: com.example.repository.UserRepository - Factory: org.springframework.data.mongodb.repository.support.MongoRepositoryFactoryBean
2018-07-25 17:29:10.347 DEBUG 8932 --- [main] .s.d.r.c.RepositoryConfigurationDelegate : Spring Data MongoDB - Registering repository: profileDetailsRepository - Interface: com.example.repository.ProfileDetailsRepository - Factory: org.springframework.data.mongodb.repository.support.MongoRepositoryFactoryBean
2018-07-25 17:29:10.863  INFO 8932 --- [main] s.b.c.e.t.TomcatEmbeddedServletContainer : Tomcat initialized with port(s): 8080 (http)
2018-07-25 17:29:10.870  INFO 8932 --- [main] o.apache.catalina.core.StandardService   : Starting service [Tomcat]
2018-07-25 17:29:10.871  INFO 8932 --- [main] org.apache.catalina.core.StandardEngine  : Starting Servlet Engine: Apache Tomcat/8.5.20
2018-07-25 17:29:10.930  INFO 8932 --- [localhost-startStop-1] o.a.c.c.C.[Tomcat].[localhost].[/api]    : Initializing Spring embedded WebApplicationContext
2018-07-25 17:29:10.931  INFO 8932 --- [localhost-startStop-1] o.s.web.context.ContextLoader            : Root WebApplicationContext: initialization completed in 973 ms
2018-07-25 17:29:11.037  INFO 8932 --- [localhost-startStop-1] o.s.b.w.servlet.ServletRegistrationBean  : Mapping servlet: 'dispatcherServlet' to [/]
2018-07-25 17:29:11.041  INFO 8932 --- [localhost-startStop-1] o.s.b.w.servlet.FilterRegistrationBean   : Mapping filter: 'characterEncodingFilter' to: [/*]
2018-07-25 17:29:11.041  INFO 8932 --- [localhost-startStop-1] o.s.b.w.servlet.FilterRegistrationBean   : Mapping filter: 'hiddenHttpMethodFilter' to: [/*]
2018-07-25 17:29:11.041  INFO 8932 --- [localhost-startStop-1] o.s.b.w.servlet.FilterRegistrationBean   : Mapping filter: 'httpPutFormContentFilter' to: [/*]
2018-07-25 17:29:11.042  INFO 8932 --- [localhost-startStop-1] o.s.b.w.servlet.FilterRegistrationBean   : Mapping filter: 'requestContextFilter' to: [/*]
2018-07-25 17:29:11.304  INFO 8932 --- [main] org.mongodb.driver.cluster               : Cluster created with settings {hosts=[localhost:27017], mode=MULTIPLE, requiredClusterType=UNKNOWN, serverSelectionTimeout='30000 ms', maxWaitQueueSize=500}
2018-07-25 17:29:11.305  INFO 8932 --- [main] org.mongodb.driver.cluster               : Adding discovered server localhost:27017 to client view of cluster
2018-07-25 17:29:11.402  INFO 8932 --- [cluster-ClusterId{value='5b58660fe7ceab22e43f3ff4', description='null'}-localhost:27017] org.mongodb.driver.connection            : Opened connection [connectionId{localValue:1, serverValue:77}] to localhost:27017
2018-07-25 17:29:11.404  INFO 8932 --- [cluster-ClusterId{value='5b58660fe7ceab22e43f3ff4', description='null'}-localhost:27017] org.mongodb.driver.cluster               : Monitor thread successfully connected to server with description ServerDescription{address=localhost:27017, type=STANDALONE, state=CONNECTED, ok=true, version=ServerVersion{versionList=[3, 4, 10]}, minWireVersion=0, maxWireVersion=5, maxDocumentSize=16777216, roundTripTimeNanos=629407}
2018-07-25 17:29:11.404  INFO 8932 --- [cluster-ClusterId{value='5b58660fe7ceab22e43f3ff4', description='null'}-localhost:27017] org.mongodb.driver.cluster               : Discovered cluster type of STANDALONE
2018-07-25 17:29:11.462 DEBUG 8932 --- [main] .m.c.i.MongoPersistentEntityIndexCreator : Analyzing class class com.example.entity.Address for index information.
2018-07-25 17:29:11.463 DEBUG 8932 --- [main] .m.c.i.MongoPersistentEntityIndexCreator : Analyzing class class com.example.entity.ProfileDetails for index information.
2018-07-25 17:29:11.467 DEBUG 8932 --- [main] .m.c.i.MongoPersistentEntityIndexCreator : Analyzing class class com.example.entity.User for index information.
2018-07-25 17:29:11.705  INFO 8932 --- [main] s.w.s.m.m.a.RequestMappingHandlerAdapter : Looking for @ControllerAdvice: org.springframework.boot.context.embedded.AnnotationConfigEmbeddedWebApplicationContext@64c87930: startup date [Wed Jul 25 17:29:09 IST 2018]; root of context hierarchy
2018-07-25 17:29:11.744  INFO 8932 --- [main] s.w.s.m.m.a.RequestMappingHandlerMapping : Mapped "{[/login/user/secure/update],methods=[PUT]}" onto public org.springframework.http.ResponseEntity<?> com.example.controller.LoginController.update(com.example.entityVO.UserVO)
2018-07-25 17:29:11.745  INFO 8932 --- [main] s.w.s.m.m.a.RequestMappingHandlerMapping : Mapped "{[/login/user/adminSecure/delete],methods=[DELETE]}" onto public org.springframework.http.ResponseEntity<?> com.example.controller.LoginController.delete(com.example.entityVO.UserVO)
2018-07-25 17:29:11.745  INFO 8932 --- [main] s.w.s.m.m.a.RequestMappingHandlerMapping : Mapped "{[/login/user/save],methods=[POST]}" onto public org.springframework.http.ResponseEntity<?> com.example.controller.LoginController.insert(com.example.entityVO.UserVO)
2018-07-25 17:29:11.745  INFO 8932 --- [main] s.w.s.m.m.a.RequestMappingHandlerMapping : Mapped "{[/login/user/sign_in],methods=[POST]}" onto public org.springframework.http.ResponseEntity<?> com.example.controller.LoginController.login(com.example.entityVO.UserVO)
2018-07-25 17:29:11.746  INFO 8932 --- [main] s.w.s.m.m.a.RequestMappingHandlerMapping : Mapped "{[/login/user/adminSecure/list],methods=[GET]}" onto public org.springframework.http.ResponseEntity<?> com.example.controller.LoginController.login()
2018-07-25 17:29:11.746  INFO 8932 --- [main] s.w.s.m.m.a.RequestMappingHandlerMapping : Mapped "{[/login/user/adminSecure/sort],methods=[POST]}" onto public org.springframework.http.ResponseEntity<?> com.example.controller.LoginController.sortByDateTime(com.example.entityVO.UserVO)
2018-07-25 17:29:11.749  INFO 8932 --- [main] s.w.s.m.m.a.RequestMappingHandlerMapping : Mapped "{[/error]}" onto public org.springframework.http.ResponseEntity<java.util.Map<java.lang.String, java.lang.Object>> org.springframework.boot.autoconfigure.web.BasicErrorController.error(javax.servlet.http.HttpServletRequest)
2018-07-25 17:29:11.750  INFO 8932 --- [main] s.w.s.m.m.a.RequestMappingHandlerMapping : Mapped "{[/error],produces=[text/html]}" onto public org.springframework.web.servlet.ModelAndView org.springframework.boot.autoconfigure.web.BasicErrorController.errorHtml(javax.servlet.http.HttpServletRequest,javax.servlet.http.HttpServletResponse)
2018-07-25 17:29:11.769  INFO 8932 --- [main] o.s.w.s.handler.SimpleUrlHandlerMapping  : Mapped URL path [/webjars/**] onto handler of type [class org.springframework.web.servlet.resource.ResourceHttpRequestHandler]
2018-07-25 17:29:11.770  INFO 8932 --- [main] o.s.w.s.handler.SimpleUrlHandlerMapping  : Mapped URL path [/**] onto handler of type [class org.springframework.web.servlet.resource.ResourceHttpRequestHandler]
2018-07-25 17:29:11.780  INFO 8932 --- [main] .m.m.a.ExceptionHandlerExceptionResolver : Detected @ExceptionHandler methods in customizedResponseEntityHandlerException
2018-07-25 17:29:11.794  INFO 8932 --- [main] o.s.w.s.handler.SimpleUrlHandlerMapping  : Mapped URL path [/**/favicon.ico] onto handler of type [class org.springframework.web.servlet.resource.ResourceHttpRequestHandler]
2018-07-25 17:29:11.935  INFO 8932 --- [main] o.s.j.e.a.AnnotationMBeanExporter        : Registering beans for JMX exposure on startup
2018-07-25 17:29:11.969  INFO 8932 --- [main] s.b.c.e.t.TomcatEmbeddedServletContainer : Tomcat started on port(s): 8080 (http)
2018-07-25 17:29:11.972  INFO 8932 --- [main] com.example.main.Demo2Application        : Started Demo2Application in 2.221 seconds (JVM running for 2.873)
2018-07-25 17:29:40.862  INFO 8932 --- [http-nio-8080-exec-2] o.a.c.c.C.[Tomcat].[localhost].[/api]    : Initializing Spring FrameworkServlet 'dispatcherServlet'
2018-07-25 17:29:40.864  INFO 8932 --- [http-nio-8080-exec-2] o.s.web.servlet.DispatcherServlet        : FrameworkServlet 'dispatcherServlet': initialization started
2018-07-25 17:29:40.897  INFO 8932 --- [http-nio-8080-exec-2] o.s.web.servlet.DispatcherServlet        : FrameworkServlet 'dispatcherServlet': initialization completed in 31 ms
2018-07-25 17:29:41.009 ERROR 8932 --- [http-nio-8080-exec-2] c.e.service.user.impl.UserServiceImpl    : Missing parameter username
2018-07-25 17:34:09.268  INFO 8932 --- [RMI TCP Connection(11)-127.0.0.1] inMXBeanRegistrar$SpringApplicationAdmin : Application shutdown requested.
2018-07-25 17:34:09.275  INFO 8932 --- [RMI TCP Connection(11)-127.0.0.1] ationConfigEmbeddedWebApplicationContext : Closing org.springframework.boot.context.embedded.AnnotationConfigEmbeddedWebApplicationContext@64c87930: startup date [Wed Jul 25 17:29:09 IST 2018]; root of context hierarchy
2018-07-25 17:34:09.355  INFO 8932 --- [RMI TCP Connection(11)-127.0.0.1] o.s.j.e.a.AnnotationMBeanExporter        : Unregistering JMX-exposed beans on shutdown
2018-07-25 17:34:22.377 ERROR 12136 --- [main] o.s.b.l.LoggingApplicationListener       : Cannot set level: e for 'null'
2018-07-25 17:34:22.428  INFO 12136 --- [main] com.example.main.Demo2Application        : Starting Demo2Application on NIT-WKS-0116 with PID 12136 (C:\Users\monika.kolhe\Desktop\STSDemo\demo-2\target\classes started by monika.kolhe in C:\Users\monika.kolhe\Desktop\STSDemo\demo-2)
2018-07-25 17:34:22.428  INFO 12136 --- [main] com.example.main.Demo2Application        : No active profile set, falling back to default profiles: default
2018-07-25 17:34:22.477  INFO 12136 --- [main] ationConfigEmbeddedWebApplicationContext : Refreshing org.springframework.boot.context.embedded.AnnotationConfigEmbeddedWebApplicationContext@5d47c63f: startup date [Wed Jul 25 17:34:22 IST 2018]; root of context hierarchy
2018-07-25 17:34:22.862 DEBUG 12136 --- [main] o.s.d.r.c.RepositoryComponentProvider    : Identified candidate component class: file [C:\Users\monika.kolhe\Desktop\STSDemo\demo-2\target\classes\com\example\repository\ProfileDetailsRepository.class]
2018-07-25 17:34:22.863 DEBUG 12136 --- [main] o.s.d.r.c.RepositoryComponentProvider    : Identified candidate component class: file [C:\Users\monika.kolhe\Desktop\STSDemo\demo-2\target\classes\com\example\repository\UserRepository.class]
2018-07-25 17:34:22.875 DEBUG 12136 --- [main] .s.d.r.c.RepositoryBeanDefinitionBuilder : Registering custom repository implementation: userRepositoryImpl com.example.repository.user.impl.UserRepositoryImpl
2018-07-25 17:34:22.877 DEBUG 12136 --- [main] .s.d.r.c.RepositoryConfigurationDelegate : Spring Data MongoDB - Registering repository: userRepository - Interface: com.example.repository.UserRepository - Factory: org.springframework.data.mongodb.repository.support.MongoRepositoryFactoryBean
2018-07-25 17:34:22.883 DEBUG 12136 --- [main] .s.d.r.c.RepositoryConfigurationDelegate : Spring Data MongoDB - Registering repository: profileDetailsRepository - Interface: com.example.repository.ProfileDetailsRepository - Factory: org.springframework.data.mongodb.repository.support.MongoRepositoryFactoryBean
2018-07-25 17:34:23.437  INFO 12136 --- [main] s.b.c.e.t.TomcatEmbeddedServletContainer : Tomcat initialized with port(s): 8080 (http)
2018-07-25 17:34:23.443  INFO 12136 --- [main] o.apache.catalina.core.StandardService   : Starting service [Tomcat]
2018-07-25 17:34:23.444  INFO 12136 --- [main] org.apache.catalina.core.StandardEngine  : Starting Servlet Engine: Apache Tomcat/8.5.20
2018-07-25 17:34:23.520  INFO 12136 --- [localhost-startStop-1] o.a.c.c.C.[Tomcat].[localhost].[/api]    : Initializing Spring embedded WebApplicationContext
2018-07-25 17:34:23.520  INFO 12136 --- [localhost-startStop-1] o.s.web.context.ContextLoader            : Root WebApplicationContext: initialization completed in 1045 ms
2018-07-25 17:34:23.628  INFO 12136 --- [localhost-startStop-1] o.s.b.w.servlet.ServletRegistrationBean  : Mapping servlet: 'dispatcherServlet' to [/]
2018-07-25 17:34:23.631  INFO 12136 --- [localhost-startStop-1] o.s.b.w.servlet.FilterRegistrationBean   : Mapping filter: 'characterEncodingFilter' to: [/*]
2018-07-25 17:34:23.633  INFO 12136 --- [localhost-startStop-1] o.s.b.w.servlet.FilterRegistrationBean   : Mapping filter: 'hiddenHttpMethodFilter' to: [/*]
2018-07-25 17:34:23.633  INFO 12136 --- [localhost-startStop-1] o.s.b.w.servlet.FilterRegistrationBean   : Mapping filter: 'httpPutFormContentFilter' to: [/*]
2018-07-25 17:34:23.634  INFO 12136 --- [localhost-startStop-1] o.s.b.w.servlet.FilterRegistrationBean   : Mapping filter: 'requestContextFilter' to: [/*]
2018-07-25 17:34:23.926  INFO 12136 --- [main] org.mongodb.driver.cluster               : Cluster created with settings {hosts=[localhost:27017], mode=MULTIPLE, requiredClusterType=UNKNOWN, serverSelectionTimeout='30000 ms', maxWaitQueueSize=500}
2018-07-25 17:34:23.926  INFO 12136 --- [main] org.mongodb.driver.cluster               : Adding discovered server localhost:27017 to client view of cluster
2018-07-25 17:34:23.971  INFO 12136 --- [cluster-ClusterId{value='5b586747e7ceab2f680c419e', description='null'}-localhost:27017] org.mongodb.driver.connection            : Opened connection [connectionId{localValue:1, serverValue:78}] to localhost:27017
2018-07-25 17:34:23.973  INFO 12136 --- [cluster-ClusterId{value='5b586747e7ceab2f680c419e', description='null'}-localhost:27017] org.mongodb.driver.cluster               : Monitor thread successfully connected to server with description ServerDescription{address=localhost:27017, type=STANDALONE, state=CONNECTED, ok=true, version=ServerVersion{versionList=[3, 4, 10]}, minWireVersion=0, maxWireVersion=5, maxDocumentSize=16777216, roundTripTimeNanos=798758}
2018-07-25 17:34:23.974  INFO 12136 --- [cluster-ClusterId{value='5b586747e7ceab2f680c419e', description='null'}-localhost:27017] org.mongodb.driver.cluster               : Discovered cluster type of STANDALONE
2018-07-25 17:34:24.087 DEBUG 12136 --- [main] .m.c.i.MongoPersistentEntityIndexCreator : Analyzing class class com.example.entity.Address for index information.
2018-07-25 17:34:24.088 DEBUG 12136 --- [main] .m.c.i.MongoPersistentEntityIndexCreator : Analyzing class class com.example.entity.ProfileDetails for index information.
2018-07-25 17:34:24.092 DEBUG 12136 --- [main] .m.c.i.MongoPersistentEntityIndexCreator : Analyzing class class com.example.entity.User for index information.
2018-07-25 17:34:24.372  INFO 12136 --- [main] s.w.s.m.m.a.RequestMappingHandlerAdapter : Looking for @ControllerAdvice: org.springframework.boot.context.embedded.AnnotationConfigEmbeddedWebApplicationContext@5d47c63f: startup date [Wed Jul 25 17:34:22 IST 2018]; root of context hierarchy
2018-07-25 17:34:24.412  INFO 12136 --- [main] s.w.s.m.m.a.RequestMappingHandlerMapping : Mapped "{[/login/user/secure/update],methods=[PUT]}" onto public org.springframework.http.ResponseEntity<?> com.example.controller.LoginController.update(com.example.entityVO.UserVO)
2018-07-25 17:34:24.414  INFO 12136 --- [main] s.w.s.m.m.a.RequestMappingHandlerMapping : Mapped "{[/login/user/adminSecure/delete],methods=[DELETE]}" onto public org.springframework.http.ResponseEntity<?> com.example.controller.LoginController.delete(com.example.entityVO.UserVO)
2018-07-25 17:34:24.414  INFO 12136 --- [main] s.w.s.m.m.a.RequestMappingHandlerMapping : Mapped "{[/login/user/save],methods=[POST]}" onto public org.springframework.http.ResponseEntity<?> com.example.controller.LoginController.insert(com.example.entityVO.UserVO)
2018-07-25 17:34:24.415  INFO 12136 --- [main] s.w.s.m.m.a.RequestMappingHandlerMapping : Mapped "{[/login/user/sign_in],methods=[POST]}" onto public org.springframework.http.ResponseEntity<?> com.example.controller.LoginController.login(com.example.entityVO.UserVO)
2018-07-25 17:34:24.415  INFO 12136 --- [main] s.w.s.m.m.a.RequestMappingHandlerMapping : Mapped "{[/login/user/adminSecure/list],methods=[GET]}" onto public org.springframework.http.ResponseEntity<?> com.example.controller.LoginController.login()
2018-07-25 17:34:24.416  INFO 12136 --- [main] s.w.s.m.m.a.RequestMappingHandlerMapping : Mapped "{[/login/user/adminSecure/sort],methods=[POST]}" onto public org.springframework.http.ResponseEntity<?> com.example.controller.LoginController.sortByDateTime(com.example.entityVO.UserVO)
2018-07-25 17:34:24.419  INFO 12136 --- [main] s.w.s.m.m.a.RequestMappingHandlerMapping : Mapped "{[/error]}" onto public org.springframework.http.ResponseEntity<java.util.Map<java.lang.String, java.lang.Object>> org.springframework.boot.autoconfigure.web.BasicErrorController.error(javax.servlet.http.HttpServletRequest)
2018-07-25 17:34:24.420  INFO 12136 --- [main] s.w.s.m.m.a.RequestMappingHandlerMapping : Mapped "{[/error],produces=[text/html]}" onto public org.springframework.web.servlet.ModelAndView org.springframework.boot.autoconfigure.web.BasicErrorController.errorHtml(javax.servlet.http.HttpServletRequest,javax.servlet.http.HttpServletResponse)
2018-07-25 17:34:24.440  INFO 12136 --- [main] o.s.w.s.handler.SimpleUrlHandlerMapping  : Mapped URL path [/webjars/**] onto handler of type [class org.springframework.web.servlet.resource.ResourceHttpRequestHandler]
2018-07-25 17:34:24.441  INFO 12136 --- [main] o.s.w.s.handler.SimpleUrlHandlerMapping  : Mapped URL path [/**] onto handler of type [class org.springframework.web.servlet.resource.ResourceHttpRequestHandler]
2018-07-25 17:34:24.452  INFO 12136 --- [main] .m.m.a.ExceptionHandlerExceptionResolver : Detected @ExceptionHandler methods in customizedResponseEntityHandlerException
2018-07-25 17:34:24.466  INFO 12136 --- [main] o.s.w.s.handler.SimpleUrlHandlerMapping  : Mapped URL path [/**/favicon.ico] onto handler of type [class org.springframework.web.servlet.resource.ResourceHttpRequestHandler]
2018-07-25 17:34:24.608  INFO 12136 --- [main] o.s.j.e.a.AnnotationMBeanExporter        : Registering beans for JMX exposure on startup
2018-07-25 17:34:24.658  INFO 12136 --- [main] s.b.c.e.t.TomcatEmbeddedServletContainer : Tomcat started on port(s): 8080 (http)
2018-07-25 17:34:24.661  INFO 12136 --- [main] com.example.main.Demo2Application        : Started Demo2Application in 2.413 seconds (JVM running for 2.872)
2018-07-25 17:34:36.355  INFO 12136 --- [http-nio-8080-exec-1] o.a.c.c.C.[Tomcat].[localhost].[/api]    : Initializing Spring FrameworkServlet 'dispatcherServlet'
2018-07-25 17:34:36.355  INFO 12136 --- [http-nio-8080-exec-1] o.s.web.servlet.DispatcherServlet        : FrameworkServlet 'dispatcherServlet': initialization started
2018-07-25 17:34:36.368  INFO 12136 --- [http-nio-8080-exec-1] o.s.web.servlet.DispatcherServlet        : FrameworkServlet 'dispatcherServlet': initialization completed in 12 ms
2018-07-25 17:34:36.450 DEBUG 12136 --- [http-nio-8080-exec-1] o.s.d.m.r.query.MongoQueryCreator        : Created query Query: { "username" : "aqqq"}, Fields: null, Sort: null
2018-07-25 17:34:36.454 DEBUG 12136 --- [http-nio-8080-exec-1] o.s.data.mongodb.core.MongoTemplate      : findOne using query: { "username" : "aqqq"} fields: null for class: class com.example.entity.User in collection: user
2018-07-25 17:34:36.464 DEBUG 12136 --- [http-nio-8080-exec-1] o.s.data.mongodb.core.MongoDbUtils       : Getting Mongo Database name=[demo]
2018-07-25 17:34:36.468 DEBUG 12136 --- [http-nio-8080-exec-1] o.s.data.mongodb.core.MongoTemplate      : findOne using query: { "username" : "aqqq"} in db.collection: demo.user
2018-07-25 17:34:36.503  INFO 12136 --- [http-nio-8080-exec-1] org.mongodb.driver.connection            : Opened connection [connectionId{localValue:2, serverValue:79}] to localhost:27017
2018-07-25 17:34:36.561 DEBUG 12136 --- [http-nio-8080-exec-1] o.s.data.mongodb.core.MongoTemplate      : Saving DBObject containing fields: [_class, _id, fname, lname, address]
2018-07-25 17:34:36.562 DEBUG 12136 --- [http-nio-8080-exec-1] o.s.data.mongodb.core.MongoDbUtils       : Getting Mongo Database name=[demo]
2018-07-25 17:34:36.687 DEBUG 12136 --- [http-nio-8080-exec-1] o.s.data.mongodb.core.MongoTemplate      : Inserting DBObject containing fields: [_class, _id, username, password, createdDate, profileDetails] in collection: user
2018-07-25 17:34:36.688 DEBUG 12136 --- [http-nio-8080-exec-1] o.s.data.mongodb.core.MongoDbUtils       : Getting Mongo Database name=[demo]
2018-07-25 17:34:36.694  INFO 12136 --- [http-nio-8080-exec-1] c.e.service.user.impl.UserServiceImpl    : User saved succeefully!!!!!!!!!!aqqq
