2018-07-25 17:39:24.699 ERROR 4996 --- [main] o.s.b.l.LoggingApplicationListener       : Cannot set level: e for 'null'
2018-07-25 17:39:24.750  INFO 4996 --- [main] com.example.main.Demo2Application        : Starting Demo2Application on NIT-WKS-0116 with PID 4996 (C:\Users\monika.kolhe\Desktop\STSDemo\demo-2\target\classes started by monika.kolhe in C:\Users\monika.kolhe\Desktop\STSDemo\demo-2)
2018-07-25 17:39:24.751  INFO 4996 --- [main] com.example.main.Demo2Application        : No active profile set, falling back to default profiles: default
2018-07-25 17:39:24.797  INFO 4996 --- [main] ationConfigEmbeddedWebApplicationContext : Refreshing org.springframework.boot.context.embedded.AnnotationConfigEmbeddedWebApplicationContext@5d47c63f: startup date [Wed Jul 25 17:39:24 IST 2018]; root of context hierarchy
2018-07-25 17:39:25.201 DEBUG 4996 --- [main] o.s.d.r.c.RepositoryComponentProvider    : Identified candidate component class: file [C:\Users\monika.kolhe\Desktop\STSDemo\demo-2\target\classes\com\example\repository\ProfileDetailsRepository.class]
2018-07-25 17:39:25.202 DEBUG 4996 --- [main] o.s.d.r.c.RepositoryComponentProvider    : Identified candidate component class: file [C:\Users\monika.kolhe\Desktop\STSDemo\demo-2\target\classes\com\example\repository\UserRepository.class]
2018-07-25 17:39:25.212 DEBUG 4996 --- [main] .s.d.r.c.RepositoryConfigurationDelegate : Spring Data MongoDB - Registering repository: profileDetailsRepository - Interface: com.example.repository.ProfileDetailsRepository - Factory: org.springframework.data.mongodb.repository.support.MongoRepositoryFactoryBean
2018-07-25 17:39:25.217 DEBUG 4996 --- [main] .s.d.r.c.RepositoryBeanDefinitionBuilder : Registering custom repository implementation: userRepositoryImpl com.example.repository.user.impl.UserRepositoryImpl
2018-07-25 17:39:25.218 DEBUG 4996 --- [main] .s.d.r.c.RepositoryConfigurationDelegate : Spring Data MongoDB - Registering repository: userRepository - Interface: com.example.repository.UserRepository - Factory: org.springframework.data.mongodb.repository.support.MongoRepositoryFactoryBean
2018-07-25 17:39:25.754  INFO 4996 --- [main] s.b.c.e.t.TomcatEmbeddedServletContainer : Tomcat initialized with port(s): 8080 (http)
2018-07-25 17:39:25.761  INFO 4996 --- [main] o.apache.catalina.core.StandardService   : Starting service [Tomcat]
2018-07-25 17:39:25.761  INFO 4996 --- [main] org.apache.catalina.core.StandardEngine  : Starting Servlet Engine: Apache Tomcat/8.5.20
2018-07-25 17:39:25.822  INFO 4996 --- [localhost-startStop-1] o.a.c.c.C.[Tomcat].[localhost].[/api]    : Initializing Spring embedded WebApplicationContext
2018-07-25 17:39:25.822  INFO 4996 --- [localhost-startStop-1] o.s.web.context.ContextLoader            : Root WebApplicationContext: initialization completed in 1027 ms
2018-07-25 17:39:25.929  INFO 4996 --- [localhost-startStop-1] o.s.b.w.servlet.ServletRegistrationBean  : Mapping servlet: 'dispatcherServlet' to [/]
2018-07-25 17:39:25.932  INFO 4996 --- [localhost-startStop-1] o.s.b.w.servlet.FilterRegistrationBean   : Mapping filter: 'characterEncodingFilter' to: [/*]
2018-07-25 17:39:25.933  INFO 4996 --- [localhost-startStop-1] o.s.b.w.servlet.FilterRegistrationBean   : Mapping filter: 'hiddenHttpMethodFilter' to: [/*]
2018-07-25 17:39:25.934  INFO 4996 --- [localhost-startStop-1] o.s.b.w.servlet.FilterRegistrationBean   : Mapping filter: 'httpPutFormContentFilter' to: [/*]
2018-07-25 17:39:25.934  INFO 4996 --- [localhost-startStop-1] o.s.b.w.servlet.FilterRegistrationBean   : Mapping filter: 'requestContextFilter' to: [/*]
2018-07-25 17:39:26.207  INFO 4996 --- [main] org.mongodb.driver.cluster               : Cluster created with settings {hosts=[localhost:27017], mode=MULTIPLE, requiredClusterType=UNKNOWN, serverSelectionTimeout='30000 ms', maxWaitQueueSize=500}
2018-07-25 17:39:26.208  INFO 4996 --- [main] org.mongodb.driver.cluster               : Adding discovered server localhost:27017 to client view of cluster
2018-07-25 17:39:26.258  INFO 4996 --- [cluster-ClusterId{value='5b586876e7ceab13845af492', description='null'}-localhost:27017] org.mongodb.driver.connection            : Opened connection [connectionId{localValue:1, serverValue:80}] to localhost:27017
2018-07-25 17:39:26.260  INFO 4996 --- [cluster-ClusterId{value='5b586876e7ceab13845af492', description='null'}-localhost:27017] org.mongodb.driver.cluster               : Monitor thread successfully connected to server with description ServerDescription{address=localhost:27017, type=STANDALONE, state=CONNECTED, ok=true, version=ServerVersion{versionList=[3, 4, 10]}, minWireVersion=0, maxWireVersion=5, maxDocumentSize=16777216, roundTripTimeNanos=666538}
2018-07-25 17:39:26.261  INFO 4996 --- [cluster-ClusterId{value='5b586876e7ceab13845af492', description='null'}-localhost:27017] org.mongodb.driver.cluster               : Discovered cluster type of STANDALONE
2018-07-25 17:39:26.376 DEBUG 4996 --- [main] .m.c.i.MongoPersistentEntityIndexCreator : Analyzing class class com.example.entity.Address for index information.
2018-07-25 17:39:26.377 DEBUG 4996 --- [main] .m.c.i.MongoPersistentEntityIndexCreator : Analyzing class class com.example.entity.ProfileDetails for index information.
2018-07-25 17:39:26.381 DEBUG 4996 --- [main] .m.c.i.MongoPersistentEntityIndexCreator : Analyzing class class com.example.entity.User for index information.
2018-07-25 17:39:26.624  INFO 4996 --- [main] s.w.s.m.m.a.RequestMappingHandlerAdapter : Looking for @ControllerAdvice: org.springframework.boot.context.embedded.AnnotationConfigEmbeddedWebApplicationContext@5d47c63f: startup date [Wed Jul 25 17:39:24 IST 2018]; root of context hierarchy
2018-07-25 17:39:26.665  INFO 4996 --- [main] s.w.s.m.m.a.RequestMappingHandlerMapping : Mapped "{[/login/user/secure/update],methods=[PUT]}" onto public org.springframework.http.ResponseEntity<?> com.example.controller.LoginController.update(com.example.entityVO.UserVO)
2018-07-25 17:39:26.666  INFO 4996 --- [main] s.w.s.m.m.a.RequestMappingHandlerMapping : Mapped "{[/login/user/adminSecure/delete],methods=[DELETE]}" onto public org.springframework.http.ResponseEntity<?> com.example.controller.LoginController.delete(com.example.entityVO.UserVO)
2018-07-25 17:39:26.666  INFO 4996 --- [main] s.w.s.m.m.a.RequestMappingHandlerMapping : Mapped "{[/login/user/save],methods=[POST]}" onto public org.springframework.http.ResponseEntity<?> com.example.controller.LoginController.insert(com.example.entityVO.UserVO)
2018-07-25 17:39:26.667  INFO 4996 --- [main] s.w.s.m.m.a.RequestMappingHandlerMapping : Mapped "{[/login/user/adminSecure/sort],methods=[POST]}" onto public org.springframework.http.ResponseEntity<?> com.example.controller.LoginController.sortByDateTime(com.example.entityVO.UserVO)
2018-07-25 17:39:26.667  INFO 4996 --- [main] s.w.s.m.m.a.RequestMappingHandlerMapping : Mapped "{[/login/user/adminSecure/list],methods=[GET]}" onto public org.springframework.http.ResponseEntity<?> com.example.controller.LoginController.login()
2018-07-25 17:39:26.668  INFO 4996 --- [main] s.w.s.m.m.a.RequestMappingHandlerMapping : Mapped "{[/login/user/sign_in],methods=[POST]}" onto public org.springframework.http.ResponseEntity<?> com.example.controller.LoginController.login(com.example.entityVO.UserVO)
2018-07-25 17:39:26.671  INFO 4996 --- [main] s.w.s.m.m.a.RequestMappingHandlerMapping : Mapped "{[/error]}" onto public org.springframework.http.ResponseEntity<java.util.Map<java.lang.String, java.lang.Object>> org.springframework.boot.autoconfigure.web.BasicErrorController.error(javax.servlet.http.HttpServletRequest)
2018-07-25 17:39:26.671  INFO 4996 --- [main] s.w.s.m.m.a.RequestMappingHandlerMapping : Mapped "{[/error],produces=[text/html]}" onto public org.springframework.web.servlet.ModelAndView org.springframework.boot.autoconfigure.web.BasicErrorController.errorHtml(javax.servlet.http.HttpServletRequest,javax.servlet.http.HttpServletResponse)
2018-07-25 17:39:26.691  INFO 4996 --- [main] o.s.w.s.handler.SimpleUrlHandlerMapping  : Mapped URL path [/webjars/**] onto handler of type [class org.springframework.web.servlet.resource.ResourceHttpRequestHandler]
2018-07-25 17:39:26.691  INFO 4996 --- [main] o.s.w.s.handler.SimpleUrlHandlerMapping  : Mapped URL path [/**] onto handler of type [class org.springframework.web.servlet.resource.ResourceHttpRequestHandler]
2018-07-25 17:39:26.702  INFO 4996 --- [main] .m.m.a.ExceptionHandlerExceptionResolver : Detected @ExceptionHandler methods in customizedResponseEntityHandlerException
2018-07-25 17:39:26.716  INFO 4996 --- [main] o.s.w.s.handler.SimpleUrlHandlerMapping  : Mapped URL path [/**/favicon.ico] onto handler of type [class org.springframework.web.servlet.resource.ResourceHttpRequestHandler]
2018-07-25 17:39:26.846  INFO 4996 --- [main] o.s.j.e.a.AnnotationMBeanExporter        : Registering beans for JMX exposure on startup
2018-07-25 17:39:26.884  INFO 4996 --- [main] s.b.c.e.t.TomcatEmbeddedServletContainer : Tomcat started on port(s): 8080 (http)
2018-07-25 17:39:26.887  INFO 4996 --- [main] com.example.main.Demo2Application        : Started Demo2Application in 2.331 seconds (JVM running for 2.773)
2018-07-25 17:39:53.089  INFO 4996 --- [http-nio-8080-exec-1] o.a.c.c.C.[Tomcat].[localhost].[/api]    : Initializing Spring FrameworkServlet 'dispatcherServlet'
2018-07-25 17:39:53.090  INFO 4996 --- [http-nio-8080-exec-1] o.s.web.servlet.DispatcherServlet        : FrameworkServlet 'dispatcherServlet': initialization started
2018-07-25 17:39:53.102  INFO 4996 --- [http-nio-8080-exec-1] o.s.web.servlet.DispatcherServlet        : FrameworkServlet 'dispatcherServlet': initialization completed in 12 ms
2018-07-25 17:39:53.173 DEBUG 4996 --- [http-nio-8080-exec-1] o.s.d.m.r.query.MongoQueryCreator        : Created query Query: { "username" : "aqqqqq"}, Fields: null, Sort: null
2018-07-25 17:39:53.176 DEBUG 4996 --- [http-nio-8080-exec-1] o.s.data.mongodb.core.MongoTemplate      : findOne using query: { "username" : "aqqqqq"} fields: null for class: class com.example.entity.User in collection: user
2018-07-25 17:39:53.178 DEBUG 4996 --- [http-nio-8080-exec-1] o.s.data.mongodb.core.MongoDbUtils       : Getting Mongo Database name=[demo]
2018-07-25 17:39:53.181 DEBUG 4996 --- [http-nio-8080-exec-1] o.s.data.mongodb.core.MongoTemplate      : findOne using query: { "username" : "aqqqqq"} in db.collection: demo.user
2018-07-25 17:39:53.214  INFO 4996 --- [http-nio-8080-exec-1] org.mongodb.driver.connection            : Opened connection [connectionId{localValue:2, serverValue:81}] to localhost:27017
2018-07-25 17:39:53.237 DEBUG 4996 --- [http-nio-8080-exec-1] o.s.data.mongodb.core.MongoTemplate      : Saving DBObject containing fields: [_class, _id, fname, lname, address]
2018-07-25 17:39:53.238 DEBUG 4996 --- [http-nio-8080-exec-1] o.s.data.mongodb.core.MongoDbUtils       : Getting Mongo Database name=[demo]
2018-07-25 17:39:53.339 DEBUG 4996 --- [http-nio-8080-exec-1] o.s.data.mongodb.core.MongoTemplate      : Inserting DBObject containing fields: [_class, _id, username, password, createdDate, profileDetails] in collection: user
2018-07-25 17:39:53.340 DEBUG 4996 --- [http-nio-8080-exec-1] o.s.data.mongodb.core.MongoDbUtils       : Getting Mongo Database name=[demo]
2018-07-25 17:39:53.347  INFO 4996 --- [http-nio-8080-exec-1] c.e.service.user.impl.UserServiceImpl    : User saved succeefully!!!!!!!!!!aqqqqq
2018-07-25 17:41:14.432  INFO 4996 --- [RMI TCP Connection(6)-127.0.0.1] inMXBeanRegistrar$SpringApplicationAdmin : Application shutdown requested.
2018-07-25 17:41:14.433  INFO 4996 --- [RMI TCP Connection(6)-127.0.0.1] ationConfigEmbeddedWebApplicationContext : Closing org.springframework.boot.context.embedded.AnnotationConfigEmbeddedWebApplicationContext@5d47c63f: startup date [Wed Jul 25 17:39:24 IST 2018]; root of context hierarchy
2018-07-25 17:41:14.435  INFO 4996 --- [RMI TCP Connection(6)-127.0.0.1] o.s.j.e.a.AnnotationMBeanExporter        : Unregistering JMX-exposed beans on shutdown
2018-07-25 17:41:14.437  INFO 4996 --- [RMI TCP Connection(6)-127.0.0.1] org.mongodb.driver.connection            : Closed connection [connectionId{localValue:2, serverValue:81}] to localhost:27017 because the pool has been closed.
